Null pointer at request message! - likely a problem with favicon.ico
File requested not found!
File requested not found!
File requested not found!
File requested not found!
File requested not found!
File requested not found!
File requested not found!
File requested not found!
File requested not found! File name: p.html
File requested not found! File name: p.html
File requested not found! File name: p.html
File requested not found! File name: p.html
File requested not found! File name: f.html
File requested not found! File name: f.html
File requested not found! File name: f.html
File requested not found! File name: f.html
File requested not found! File name: f.html
File requested not found! File name: f.html
Null pointer at request message! - likely a problem with a missing file
Failed to create Input and output readers
Failed to create Input and output readers
Failed to create Input and output readers
Failed to create Input and output readers from socket streams OR not found ERROR_400 file
Failed to create Input and output readers from socket streams OR not found ERROR_400 file
Failed to create Input and output readers from socket streams OR not found ERROR_400 file
Failed to create Input and output readers from socket streams OR not found ERROR_400 file
Sun Oct 08 15:20:06 BST 2017 Exception: Failed to create Input and output readers from socket streams OR not found ERROR_400 file
Sun Oct 08 15:20:20 BST 2017 Exception: Failed to create Input and output readers from socket streams OR not found ERROR_400 file
Sun Oct 08 20:16:21 BST 2017 Exception: Failed to create Input and output readers from socket streams OR not found ERROR_400 file
